<?xml version="1.0" encoding="UTF-8"?>
<!-- Generated by org.testng.reporters.JUnitReportReporter -->
<testsuite hostname="LAPTOP-MCD5OS57" failures="0" tests="9" name="api.testcases.UsertestDD" time="12.732" errors="0" timestamp="2023-09-12T13:12:11 IST" skipped="0">
  <testcase classname="api.testcases.UsertestDD" name="testcreateUser" time="1.412"/>
  <system-out/>
  <testcase classname="api.testcases.UsertestDD" name="testcreateUser" time="1.348"/>
  <system-out/>
  <testcase classname="api.testcases.UsertestDD" name="testcreateUser" time="1.417"/>
  <system-out/>
  <testcase classname="api.testcases.UsertestDD" name="testgetUser" time="1.400"/>
  <system-out/>
  <testcase classname="api.testcases.UsertestDD" name="testgetUser" time="1.467"/>
  <system-out/>
  <testcase classname="api.testcases.UsertestDD" name="testgetUser" time="1.406"/>
  <system-out/>
  <testcase classname="api.testcases.UsertestDD" name="testdeleteUser" time="1.366"/>
  <system-out/>
  <testcase classname="api.testcases.UsertestDD" name="testdeleteUser" time="1.443"/>
  <system-out/>
  <testcase classname="api.testcases.UsertestDD" name="testdeleteUser" time="1.473"/>
  <system-out/>
</testsuite> <!-- api.testcases.UsertestDD -->
