<?xml version="1.0" encoding="UTF-8"?>
<!-- Generated by org.testng.reporters.JUnitReportReporter -->
<testsuite hostname="LAPTOP-MCD5OS57" failures="0" tests="4" name="api.testcases.UserTest" time="8.336" errors="0" timestamp="2023-09-12T13:15:08 IST" skipped="0">
  <testcase classname="api.testcases.UserTest" name="testCreateUser" time="4.015"/>
  <system-out/>
  <testcase classname="api.testcases.UserTest" name="testGetUser" time="1.484"/>
  <system-out/>
  <testcase classname="api.testcases.UserTest" name="testUpdateUser" time="1.361"/>
  <system-out/>
  <testcase classname="api.testcases.UserTest" name="testdeleteUser" time="1.476"/>
  <system-out/>
</testsuite> <!-- api.testcases.UserTest -->
